<?xml version="1.0" encoding="UTF-8"?>
<!-- Generated by org.testng.reporters.JUnitReportReporter -->
<testsuite hostname="LAPTOP-I65AD951" failures="0" tests="1" name="test.TestNGDemo2" time="0.000" errors="0" timestamp="2024-06-04T19:30:55 IST" skipped="1">
  <testcase classname="test.TestNGDemo2" name="googleSearch2" time="0.000">
    <skipped/>
  </testcase> <!-- googleSearch2 -->
</testsuite> <!-- test.TestNGDemo2 -->
