<?xml version="1.0" encoding="UTF-8"?>
<!-- Generated by org.testng.reporters.JUnitReportReporter -->
<testsuite hostname="LAPTOP-I65AD951" failures="0" tests="1" name="test.TestNGDemo" time="0.331" errors="0" timestamp="2024-06-04T19:38:28 IST" skipped="0">
  <testcase classname="test.TestNGDemo" name="googleSearch" time="0.331"/>
</testsuite> <!-- test.TestNGDemo -->
