<?xml version="1.0" encoding="UTF-8"?>
<!-- Generated by org.testng.reporters.JUnitReportReporter -->
<testsuite hostname="LAPTOP-I65AD951" failures="0" tests="2" name="test.MultipleBrowserTestNg" time="8.250" errors="0" timestamp="2024-06-06T19:27:12 IST" skipped="0">
  <testcase classname="test.MultipleBrowserTestNg" name="test1" time="4.432"/>
  <testcase classname="test.MultipleBrowserTestNg" name="test1" time="3.818"/>
</testsuite> <!-- test.MultipleBrowserTestNg -->
