<?xml version="1.0" encoding="UTF-8"?>
<!-- Generated by org.testng.reporters.JUnitReportReporter -->
<testsuite hostname="LAPTOP-I65AD951" failures="0" tests="1" name="test.ExtentWithTestNg" time="5.051" errors="0" timestamp="2024-06-04T16:42:45 IST" skipped="0">
  <testcase classname="test.ExtentWithTestNg" name="testRun" time="5.051"/>
</testsuite> <!-- test.ExtentWithTestNg -->
