<?xml version="1.0" encoding="UTF-8"?>
<!-- Generated by org.testng.reporters.JUnitReportReporter -->
<testsuite hostname="LAPTOP-I65AD951" failures="0" tests="4" name="test.TestNGGrouping" time="0.009" errors="0" timestamp="2024-06-06T21:11:45 IST" skipped="0">
  <testcase classname="test.TestNGGrouping" name="test3" time="0.001"/>
  <testcase classname="test.TestNGGrouping" name="test1" time="0.006"/>
  <testcase classname="test.TestNGGrouping" name="test4" time="0.001"/>
  <testcase classname="test.TestNGGrouping" name="test2" time="0.001"/>
</testsuite> <!-- test.TestNGGrouping -->
