<?xml version="1.0" encoding="UTF-8"?>
<!-- Generated by org.testng.reporters.JUnitReportReporter -->
<testsuite hostname="LAPTOP-I65AD951" failures="0" tests="1" name="test.TestNGDemo" time="0.291" errors="0" timestamp="2024-05-31T13:39:24 IST" skipped="0">
  <testcase classname="test.TestNGDemo" name="googleSearch" time="0.291"/>
</testsuite> <!-- test.TestNGDemo -->
