<?xml version="1.0" encoding="UTF-8"?>
<!-- Generated by org.testng.reporters.JUnitReportReporter -->
<testsuite hostname="LAPTOP-I65AD951" failures="0" tests="4" name="test.testNGDependency" time="0.007" errors="0" timestamp="2024-06-06T21:13:55 IST" skipped="0">
  <testcase classname="test.testNGDependency" name="test4" time="0.001"/>
  <testcase classname="test.testNGDependency" name="test1" time="0.000"/>
  <testcase classname="test.testNGDependency" name="test2" time="0.005"/>
  <testcase classname="test.testNGDependency" name="test3" time="0.001"/>
</testsuite> <!-- test.testNGDependency -->
